#-----------------------------------------------------------
# Vivado v2020.2 (64-bit)
# SW Build 3064766 on Wed Nov 18 09:12:45 MST 2020
# IP Build 3064653 on Wed Nov 18 14:17:31 MST 2020
# Start of session at: Tue Apr  6 20:10:21 2021
# Process ID: 15228
# Current directory: C:/Users/marek/Desktop/VUT/Stvrty_semester/BPC-DE1/Cvika/Ulozne_miesto/Digital-electronics-1/Labs/08-traffic_lights/traffic
# Command line: vivado.exe -gui_launcher_event rodinguilauncherevent1748 C:\Users\marek\Desktop\VUT\Stvrty_semester\BPC-DE1\Cvika\Ulozne_miesto\Digital-electronics-1\Labs\08-traffic_lights\traffic\traffic.xpr
# Log file: C:/Users/marek/Desktop/VUT/Stvrty_semester/BPC-DE1/Cvika/Ulozne_miesto/Digital-electronics-1/Labs/08-traffic_lights/traffic/vivado.log
# Journal file: C:/Users/marek/Desktop/VUT/Stvrty_semester/BPC-DE1/Cvika/Ulozne_miesto/Digital-electronics-1/Labs/08-traffic_lights/traffic\vivado.jou
#-----------------------------------------------------------
start_gui
open_project C:/Users/marek/Desktop/VUT/Stvrty_semester/BPC-DE1/Cvika/Ulozne_miesto/Digital-electronics-1/Labs/08-traffic_lights/traffic/traffic.xpr
INFO: [ProjectBase 1-489] The host OS only allows 260 characters in a normal path. The project is stored in a path with more than 80 characters. If you experience issues with IP, Block Designs, or files not being found, please consider moving the project to a location with a shorter path. Alternately consider using the OS subst command to map part of the path to a drive letter.
Current project path is 'C:/Users/marek/Desktop/VUT/Stvrty_semester/BPC-DE1/Cvika/Ulozne_miesto/Digital-electronics-1/Labs/08-traffic_lights/traffic'
WARNING: [filemgmt 56-3] Default IP Output Path : Could not find the directory 'C:/Users/marek/Desktop/VUT/Stvrty_semester/BPC-DE1/Cvika/Ulozne_miesto/Digital-electronics-1/Labs/08-traffic_lights/traffic/traffic.gen/sources_1'.
Scanning sources...
Finished scanning sources
INFO: [IP_Flow 19-234] Refreshing IP repositories
INFO: [IP_Flow 19-1704] No user IP repositories specified
INFO: [IP_Flow 19-2313] Loaded Vivado IP repository 'C:/Xilinx/Vivado/2020.2/data/ip'.
open_project: Time (s): cpu = 00:00:29 ; elapsed = 00:00:12 . Memory (MB): peak = 1004.824 ; gain = 0.000
update_compile_order -fileset sources_1
launch_simulation
Command: launch_simulation 
INFO: [Vivado 12-5682] Laun